<?xml version="1.0" encoding="UTF-8"?>
<!-- Generated by org.testng.reporters.JUnitReportReporter -->
<testsuite hostname="LENOVO-PC" name="com.oaknorth.testcases.TestCase1" tests="1" failures="0" timestamp="13 Jun 2017 16:40:32 GMT" time="33.162" errors="0">
  <testcase name="tc1" time="33.162" classname="com.oaknorth.testcases.TestCase1"/>
</testsuite> <!-- com.oaknorth.testcases.TestCase1 -->
